<?xml version="1.0" encoding="UTF-8"?>
<!-- Generated by org.testng.reporters.JUnitReportReporter -->
<testsuite hostname="DESKTOP-0U53EI1" failures="0" tests="2" name="Academy.ValidateText" time="0.258" errors="0" timestamp="2020-04-08T14:47:03 EDT" skipped="0">
  <testcase classname="Academy.ValidateText" name="HeaderValidation" time="0.075"/>
  <system-out/>
  <testcase classname="Academy.ValidateText" name="basePage" time="0.183"/>
  <system-out/>
</testsuite> <!-- Academy.ValidateText -->
