<?xml version="1.0" encoding="UTF-8"?>
<!-- Generated by org.testng.reporters.JUnitReportReporter -->
<testsuite hostname="DESKTOP-0U53EI1" failures="0" tests="1" name="Academy.Clickonlink" time="7.131" errors="0" timestamp="2020-04-08T14:47:03 EDT" skipped="0">
  <testcase classname="Academy.Clickonlink" name="clicklink" time="7.131"/>
  <system-out/>
</testsuite> <!-- Academy.Clickonlink -->
