<?xml version="1.0" encoding="UTF-8"?>
<!-- Generated by org.testng.reporters.JUnitReportReporter -->
<testsuite hostname="DESKTOP-0U53EI1" failures="0" tests="2" name="Academy.HomePageNavigation" time="11.346" errors="0" timestamp="2020-04-08T14:47:03 EDT" skipped="0">
  <testcase classname="Academy.HomePageNavigation" name="basePageNavigation" time="7.572"/>
  <system-out/>
  <testcase classname="Academy.HomePageNavigation" name="basePageNavigation" time="3.774"/>
  <system-out/>
</testsuite> <!-- Academy.HomePageNavigation -->
